Analysis & Synthesis report for experiements5
Sat Jun  6 23:14:54 2026
Quartus Prime Version 24.1std.0 Build 1077 03/04/2025 SC Lite Edition


---------------------
; Table of Contents ;
---------------------
  1. Legal Notice
  2. Analysis & Synthesis Summary
  3. Analysis & Synthesis Settings
  4. Parallel Compilation
  5. Analysis & Synthesis Source Files Read
  6. Analysis & Synthesis Resource Usage Summary
  7. Analysis & Synthesis Resource Utilization by Entity
  8. State Machine - |top_project|cmd_parser:u_top_fsm|state
  9. State Machine - |top_project|tx_rx_arbiter:u_system_arbiter|state
 10. State Machine - |top_project|uart_rx:u_physics_rx|state
 11. Registers Removed During Synthesis
 12. Removed Registers Triggering Further Register Optimizations
 13. General Register Statistics
 14. Inverted Register Statistics
 15. Multiplexer Restructuring Statistics (Restructuring Performed)
 16. Parameter Settings for User Entity Instance: uart_rx:u_physics_rx
 17. Parameter Settings for User Entity Instance: uart_tx:u_physics_tx
 18. Port Connectivity Checks: "tx_rx_arbiter:u_system_arbiter"
 19. Post-Synthesis Netlist Statistics for Top Partition
 20. Elapsed Time Per Partition
 21. Analysis & Synthesis Messages
 22. Analysis & Synthesis Suppressed Messages



----------------
; Legal Notice ;
----------------
Copyright (C) 2025  Altera Corporation. All rights reserved.
Your use of Altera Corporation's design tools, logic functions 
and other software and tools, and any partner logic 
functions, and any output files from any of the foregoing 
(including device programming or simulation files), and any 
associated documentation or information are expressly subject 
to the terms and conditions of the Altera Program License 
Subscription Agreement, the Altera Quartus Prime License Agreement,
the Altera IP License Agreement, or other applicable license
agreement, including, without limitation, that your use is for
the sole purpose of programming logic devices manufactured by
Altera and sold by Altera or its authorized distributors.  Please
refer to the Altera Software License Subscription Agreements 
on the Quartus Prime software download page.



+--------------------------------------------------------------------------------------+
; Analysis & Synthesis Summary                                                         ;
+------------------------------------+-------------------------------------------------+
; Analysis & Synthesis Status        ; Successful - Sat Jun  6 23:14:54 2026           ;
; Quartus Prime Version              ; 24.1std.0 Build 1077 03/04/2025 SC Lite Edition ;
; Revision Name                      ; experiements5                                   ;
; Top-level Entity Name              ; top_project                                     ;
; Family                             ; Cyclone IV E                                    ;
; Total logic elements               ; 458                                             ;
;     Total combinational functions  ; 376                                             ;
;     Dedicated logic registers      ; 275                                             ;
; Total registers                    ; 275                                             ;
; Total pins                         ; 6                                               ;
; Total virtual pins                 ; 0                                               ;
; Total memory bits                  ; 0                                               ;
; Embedded Multiplier 9-bit elements ; 0                                               ;
; Total PLLs                         ; 0                                               ;
+------------------------------------+-------------------------------------------------+


+------------------------------------------------------------------------------------------------------------+
; Analysis & Synthesis Settings                                                                              ;
+------------------------------------------------------------------+--------------------+--------------------+
; Option                                                           ; Setting            ; Default Value      ;
+------------------------------------------------------------------+--------------------+--------------------+
; Device                                                           ; EP4CE15F17C8       ;                    ;
; Top-level entity name                                            ; top_project        ; experiements5      ;
; Family name                                                      ; Cyclone IV E       ; Cyclone V          ;
; Use smart compilation                                            ; Off                ; Off                ;
; Enable parallel Assembler and Timing Analyzer during compilation ; On                 ; On                 ;
; Enable compact report table                                      ; Off                ; Off                ;
; Restructure Multiplexers                                         ; Auto               ; Auto               ;
; Create Debugging Nodes for IP Cores                              ; Off                ; Off                ;
; Preserve fewer node names                                        ; On                 ; On                 ;
; Intel FPGA IP Evaluation Mode                                    ; Enable             ; Enable             ;
; Verilog Version                                                  ; Verilog_2001       ; Verilog_2001       ;
; VHDL Version                                                     ; VHDL_1993          ; VHDL_1993          ;
; State Machine Processing                                         ; Auto               ; Auto               ;
; Safe State Machine                                               ; Off                ; Off                ;
; Extract Verilog State Machines                                   ; On                 ; On                 ;
; Extract VHDL State Machines                                      ; On                 ; On                 ;
; Ignore Verilog initial constructs                                ; Off                ; Off                ;
; Iteration limit for constant Verilog loops                       ; 5000               ; 5000               ;
; Iteration limit for non-constant Verilog loops                   ; 250                ; 250                ;
; Add Pass-Through Logic to Inferred RAMs                          ; On                 ; On                 ;
; Infer RAMs from Raw Logic                                        ; On                 ; On                 ;
; Parallel Synthesis                                               ; On                 ; On                 ;
; DSP Block Balancing                                              ; Auto               ; Auto               ;
; NOT Gate Push-Back                                               ; On                 ; On                 ;
; Power-Up Don't Care                                              ; On                 ; On                 ;
; Remove Redundant Logic Cells                                     ; Off                ; Off                ;
; Remove Duplicate Registers                                       ; On                 ; On                 ;
; Ignore CARRY Buffers                                             ; Off                ; Off                ;
; Ignore CASCADE Buffers                                           ; Off                ; Off                ;
; Ignore GLOBAL Buffers                                            ; Off                ; Off                ;
; Ignore ROW GLOBAL Buffers                                        ; Off                ; Off                ;
; Ignore LCELL Buffers                                             ; Off                ; Off                ;
; Ignore SOFT Buffers                                              ; On                 ; On                 ;
; Limit AHDL Integers to 32 Bits                                   ; Off                ; Off                ;
; Optimization Technique                                           ; Balanced           ; Balanced           ;
; Carry Chain Length                                               ; 70                 ; 70                 ;
; Auto Carry Chains                                                ; On                 ; On                 ;
; Auto Open-Drain Pins                                             ; On                 ; On                 ;
; Perform WYSIWYG Primitive Resynthesis                            ; Off                ; Off                ;
; Auto ROM Replacement                                             ; On                 ; On                 ;
; Auto RAM Replacement                                             ; On                 ; On                 ;
; Auto DSP Block Replacement                                       ; On                 ; On                 ;
; Auto Shift Register Replacement                                  ; Auto               ; Auto               ;
; Allow Shift Register Merging across Hierarchies                  ; Auto               ; Auto               ;
; Auto Clock Enable Replacement                                    ; On                 ; On                 ;
; Strict RAM Replacement                                           ; Off                ; Off                ;
; Allow Synchronous Control Signals                                ; On                 ; On                 ;
; Force Use of Synchronous Clear Signals                           ; Off                ; Off                ;
; Auto RAM Block Balancing                                         ; On                 ; On                 ;
; Auto RAM to Logic Cell Conversion                                ; Off                ; Off                ;
; Auto Resource Sharing                                            ; Off                ; Off                ;
; Allow Any RAM Size For Recognition                               ; Off                ; Off                ;
; Allow Any ROM Size For Recognition                               ; Off                ; Off                ;
; Allow Any Shift Register Size For Recognition                    ; Off                ; Off                ;
; Use LogicLock Constraints during Resource Balancing              ; On                 ; On                 ;
; Ignore translate_off and synthesis_off directives                ; Off                ; Off                ;
; Timing-Driven Synthesis                                          ; On                 ; On                 ;
; Report Parameter Settings                                        ; On                 ; On                 ;
; Report Source Assignments                                        ; On                 ; On                 ;
; Report Connectivity Checks                                       ; On                 ; On                 ;
; Ignore Maximum Fan-Out Assignments                               ; Off                ; Off                ;
; Synchronization Register Chain Length                            ; 2                  ; 2                  ;
; Power Optimization During Synthesis                              ; Normal compilation ; Normal compilation ;
; HDL message level                                                ; Level2             ; Level2             ;
; Suppress Register Optimization Related Messages                  ; Off                ; Off                ;
; Number of Removed Registers Reported in Synthesis Report         ; 5000               ; 5000               ;
; Number of Swept Nodes Reported in Synthesis Report               ; 5000               ; 5000               ;
; Number of Inverted Registers Reported in Synthesis Report        ; 100                ; 100                ;
; Clock MUX Protection                                             ; On                 ; On                 ;
; Auto Gated Clock Conversion                                      ; Off                ; Off                ;
; Block Design Naming                                              ; Auto               ; Auto               ;
; SDC constraint protection                                        ; Off                ; Off                ;
; Synthesis Effort                                                 ; Auto               ; Auto               ;
; Shift Register Replacement - Allow Asynchronous Clear Signal     ; On                 ; On                 ;
; Pre-Mapping Resynthesis Optimization                             ; Off                ; Off                ;
; Analysis & Synthesis Message Level                               ; Medium             ; Medium             ;
; Disable Register Merging Across Hierarchies                      ; Auto               ; Auto               ;
; Resource Aware Inference For Block RAM                           ; On                 ; On                 ;
+------------------------------------------------------------------+--------------------+--------------------+


+------------------------------------------+
; Parallel Compilation                     ;
+----------------------------+-------------+
; Processors                 ; Number      ;
+----------------------------+-------------+
; Number detected on machine ; 32          ;
; Maximum allowed            ; 16          ;
;                            ;             ;
; Average used               ; 1.00        ;
; Maximum used               ; 16          ;
;                            ;             ;
; Usage by Processor         ; % Time Used ;
;     Processor 1            ; 100.0%      ;
;     Processors 2-16        ;   0.0%      ;
+----------------------------+-------------+


+----------------------------------------------------------------------------------------------------------------------------------------------------------------+
; Analysis & Synthesis Source Files Read                                                                                                                         ;
+----------------------------------+-----------------+------------------------+------------------------------------------------------------------------+---------+
; File Name with User-Entered Path ; Used in Netlist ; File Type              ; File Name with Absolute Path                                           ; Library ;
+----------------------------------+-----------------+------------------------+------------------------------------------------------------------------+---------+
; my_ws2812.v                      ; yes             ; User Verilog HDL File  ; D:/FlutterProjects/hnu_led_system_all/experiements5/my_ws2812.v        ;         ;
; uart_tx.v                        ; yes             ; User Verilog HDL File  ; D:/FlutterProjects/hnu_led_system_all/experiements5/uart_tx.v          ;         ;
; uart_rx.v                        ; yes             ; User Verilog HDL File  ; D:/FlutterProjects/hnu_led_system_all/experiements5/uart_rx.v          ;         ;
; cmd_parser.v                     ; yes             ; User Verilog HDL File  ; D:/FlutterProjects/hnu_led_system_all/experiements5/cmd_parser.v       ;         ;
; effect_generator.v               ; yes             ; User Verilog HDL File  ; D:/FlutterProjects/hnu_led_system_all/experiements5/effect_generator.v ;         ;
; tx_rx_arbiter.v                  ; yes             ; User Verilog HDL File  ; D:/FlutterProjects/hnu_led_system_all/experiements5/tx_rx_arbiter.v    ;         ;
; top_project.v                    ; yes             ; User Verilog HDL File  ; D:/FlutterProjects/hnu_led_system_all/experiements5/top_project.v      ;         ;
+----------------------------------+-----------------+------------------------+------------------------------------------------------------------------+---------+


+---------------------------------------------------------+
; Analysis & Synthesis Resource Usage Summary             ;
+---------------------------------------------+-----------+
; Resource                                    ; Usage     ;
+---------------------------------------------+-----------+
; Estimated Total logic elements              ; 458       ;
;                                             ;           ;
; Total combinational functions               ; 376       ;
; Logic element usage by number of LUT inputs ;           ;
;     -- 4 input functions                    ; 173       ;
;     -- 3 input functions                    ; 49        ;
;     -- <=2 input functions                  ; 154       ;
;                                             ;           ;
; Logic elements by mode                      ;           ;
;     -- normal mode                          ; 249       ;
;     -- arithmetic mode                      ; 127       ;
;                                             ;           ;
; Total registers                             ; 275       ;
;     -- Dedicated logic registers            ; 275       ;
;     -- I/O registers                        ; 0         ;
;                                             ;           ;
; I/O pins                                    ; 6         ;
;                                             ;           ;
; Embedded Multiplier 9-bit elements          ; 0         ;
;                                             ;           ;
; Maximum fan-out node                        ; clk~input ;
; Maximum fan-out                             ; 275       ;
; Total fan-out                               ; 2249      ;
; Average fan-out                             ; 3.39      ;
+---------------------------------------------+-----------+


+------------------------------------------------------------------------------------------------------------------------------------------------------------------------------------------------------------------------------------------------+
; Analysis & Synthesis Resource Utilization by Entity                                                                                                                                                                                            ;
+-------------------------------------+---------------------+---------------------------+-------------+--------------+---------+-----------+------+--------------+---------------------------------------------+------------------+--------------+
; Compilation Hierarchy Node          ; Combinational ALUTs ; Dedicated Logic Registers ; Memory Bits ; DSP Elements ; DSP 9x9 ; DSP 18x18 ; Pins ; Virtual Pins ; Full Hierarchy Name                         ; Entity Name      ; Library Name ;
+-------------------------------------+---------------------+---------------------------+-------------+--------------+---------+-----------+------+--------------+---------------------------------------------+------------------+--------------+
; |top_project                        ; 376 (0)             ; 275 (2)                   ; 0           ; 0            ; 0       ; 0         ; 6    ; 0            ; |top_project                                ; top_project      ; work         ;
;    |cmd_parser:u_top_fsm|           ; 41 (41)             ; 69 (69)                   ; 0           ; 0            ; 0       ; 0         ; 0    ; 0            ; |top_project|cmd_parser:u_top_fsm           ; cmd_parser       ; work         ;
;    |effect_generator:u_effect_core| ; 113 (113)           ; 76 (76)                   ; 0           ; 0            ; 0       ; 0         ; 0    ; 0            ; |top_project|effect_generator:u_effect_core ; effect_generator ; work         ;
;    |my_ws2812:u_hardware_driver|    ; 126 (126)           ; 47 (47)                   ; 0           ; 0            ; 0       ; 0         ; 0    ; 0            ; |top_project|my_ws2812:u_hardware_driver    ; my_ws2812        ; work         ;
;    |tx_rx_arbiter:u_system_arbiter| ; 7 (7)               ; 16 (16)                   ; 0           ; 0            ; 0       ; 0         ; 0    ; 0            ; |top_project|tx_rx_arbiter:u_system_arbiter ; tx_rx_arbiter    ; work         ;
;    |uart_rx:u_physics_rx|           ; 59 (59)             ; 43 (43)                   ; 0           ; 0            ; 0       ; 0         ; 0    ; 0            ; |top_project|uart_rx:u_physics_rx           ; uart_rx          ; work         ;
;    |uart_tx:u_physics_tx|           ; 30 (30)             ; 22 (22)                   ; 0           ; 0            ; 0       ; 0         ; 0    ; 0            ; |top_project|uart_tx:u_physics_tx           ; uart_tx          ; work         ;
+-------------------------------------+---------------------+---------------------------+-------------+--------------+---------+-----------+------+--------------+---------------------------------------------+------------------+--------------+
Note: For table entries with two numbers listed, the numbers in parentheses indicate the number of resources of the given type used by the specific entity alone. The numbers listed outside of parentheses indicate the total resources of the given type used by the specific entity and all of its sub-entities in the hierarchy.


Encoding Type:  One-Hot
+---------------------------------------------------------------------------------------------------------------------------------+
; State Machine - |top_project|cmd_parser:u_top_fsm|state                                                                         ;
+----------------------+---------------------+--------------------+-------------------+----------------------+--------------------+
; Name                 ; state.ST_GET_BRIGHT ; state.ST_GET_COLOR ; state.ST_GET_MODE ; state.ST_WAIT_HEADER ; state.ST_GET_PARAM ;
+----------------------+---------------------+--------------------+-------------------+----------------------+--------------------+
; state.ST_WAIT_HEADER ; 0                   ; 0                  ; 0                 ; 0                    ; 0                  ;
; state.ST_GET_MODE    ; 0                   ; 0                  ; 1                 ; 1                    ; 0                  ;
; state.ST_GET_COLOR   ; 0                   ; 1                  ; 0                 ; 1                    ; 0                  ;
; state.ST_GET_BRIGHT  ; 1                   ; 0                  ; 0                 ; 1                    ; 0                  ;
; state.ST_GET_PARAM   ; 0                   ; 0                  ; 0                 ; 1                    ; 1                  ;
+----------------------+---------------------+--------------------+-------------------+----------------------+--------------------+


Encoding Type:  One-Hot
+----------------------------------------------------------------------------+
; State Machine - |top_project|tx_rx_arbiter:u_system_arbiter|state          ;
+-------------------+----------------+-------------------+-------------------+
; Name              ; state.ARB_IDLE ; state.ARB_TRIG_TX ; state.ARB_PRIO_RX ;
+-------------------+----------------+-------------------+-------------------+
; state.ARB_IDLE    ; 0              ; 0                 ; 0                 ;
; state.ARB_PRIO_RX ; 1              ; 0                 ; 1                 ;
; state.ARB_TRIG_TX ; 1              ; 1                 ; 0                 ;
+-------------------+----------------+-------------------+-------------------+


Encoding Type:  One-Hot
+------------------------------------------------------------------------------------------------+
; State Machine - |top_project|uart_rx:u_physics_rx|state                                        ;
+-------------------+------------------+------------------+-------------------+------------------+
; Name              ; state.STATE_STOP ; state.STATE_DATA ; state.STATE_START ; state.STATE_IDLE ;
+-------------------+------------------+------------------+-------------------+------------------+
; state.STATE_IDLE  ; 0                ; 0                ; 0                 ; 0                ;
; state.STATE_START ; 0                ; 0                ; 1                 ; 1                ;
; state.STATE_DATA  ; 0                ; 1                ; 0                 ; 1                ;
; state.STATE_STOP  ; 1                ; 0                ; 0                 ; 1                ;
+-------------------+------------------+------------------+-------------------+------------------+


+----------------------------------------------------------------------------------------------------------------+
; Registers Removed During Synthesis                                                                             ;
+----------------------------------------------------+-----------------------------------------------------------+
; Register name                                      ; Reason for Removal                                        ;
+----------------------------------------------------+-----------------------------------------------------------+
; effect_generator:u_effect_core|led_data_in32[3..7] ; Stuck at GND due to stuck port data_in                    ;
; effect_generator:u_effect_core|driver_mode         ; Stuck at GND due to stuck port data_in                    ;
; tx_rx_arbiter:u_system_arbiter|tx_data_buf[2..5]   ; Stuck at GND due to stuck port data_in                    ;
; tx_rx_arbiter:u_system_arbiter|tx_data_out[2..5]   ; Stuck at GND due to stuck port data_in                    ;
; uart_tx:u_physics_tx|shift_reg[2..5]               ; Stuck at GND due to stuck port data_in                    ;
; my_ws2812:u_hardware_driver|mode_latched           ; Stuck at GND due to stuck port data_in                    ;
; my_ws2812:u_hardware_driver|data32_latched[3..7]   ; Stuck at GND due to stuck port data_in                    ;
; tx_rx_arbiter:u_system_arbiter|tx_data_buf[0]      ; Merged with tx_rx_arbiter:u_system_arbiter|tx_data_buf[1] ;
; tx_rx_arbiter:u_system_arbiter|tx_data_buf[1]      ; Merged with tx_rx_arbiter:u_system_arbiter|tx_data_buf[6] ;
; tx_rx_arbiter:u_system_arbiter|tx_data_buf[6]      ; Merged with tx_rx_arbiter:u_system_arbiter|tx_data_buf[7] ;
; tx_rx_arbiter:u_system_arbiter|tx_data_out[0,1,6]  ; Merged with tx_rx_arbiter:u_system_arbiter|tx_data_out[7] ;
; uart_tx:u_physics_tx|shift_reg[1,6,7]              ; Merged with uart_tx:u_physics_tx|shift_reg[0]             ;
; cmd_parser:u_top_fsm|state~9                       ; Lost fanout                                               ;
; cmd_parser:u_top_fsm|state~10                      ; Lost fanout                                               ;
; uart_rx:u_physics_rx|state~8                       ; Lost fanout                                               ;
; uart_rx:u_physics_rx|state~9                       ; Lost fanout                                               ;
; Total Number of Removed Registers = 37             ;                                                           ;
+----------------------------------------------------+-----------------------------------------------------------+


+----------------------------------------------------------------------------------------------------------------------------------------------------------------+
; Removed Registers Triggering Further Register Optimizations                                                                                                    ;
+-------------------------------------------------+---------------------------+----------------------------------------------------------------------------------+
; Register name                                   ; Reason for Removal        ; Registers Removed due to This Register                                           ;
+-------------------------------------------------+---------------------------+----------------------------------------------------------------------------------+
; tx_rx_arbiter:u_system_arbiter|tx_data_buf[5]   ; Stuck at GND              ; tx_rx_arbiter:u_system_arbiter|tx_data_out[5], uart_tx:u_physics_tx|shift_reg[5] ;
;                                                 ; due to stuck port data_in ;                                                                                  ;
; tx_rx_arbiter:u_system_arbiter|tx_data_buf[4]   ; Stuck at GND              ; tx_rx_arbiter:u_system_arbiter|tx_data_out[4], uart_tx:u_physics_tx|shift_reg[4] ;
;                                                 ; due to stuck port data_in ;                                                                                  ;
; tx_rx_arbiter:u_system_arbiter|tx_data_buf[3]   ; Stuck at GND              ; tx_rx_arbiter:u_system_arbiter|tx_data_out[3], uart_tx:u_physics_tx|shift_reg[3] ;
;                                                 ; due to stuck port data_in ;                                                                                  ;
; tx_rx_arbiter:u_system_arbiter|tx_data_buf[2]   ; Stuck at GND              ; tx_rx_arbiter:u_system_arbiter|tx_data_out[2], uart_tx:u_physics_tx|shift_reg[2] ;
;                                                 ; due to stuck port data_in ;                                                                                  ;
; effect_generator:u_effect_core|led_data_in32[7] ; Stuck at GND              ; my_ws2812:u_hardware_driver|data32_latched[7]                                    ;
;                                                 ; due to stuck port data_in ;                                                                                  ;
; effect_generator:u_effect_core|led_data_in32[6] ; Stuck at GND              ; my_ws2812:u_hardware_driver|data32_latched[6]                                    ;
;                                                 ; due to stuck port data_in ;                                                                                  ;
; effect_generator:u_effect_core|led_data_in32[5] ; Stuck at GND              ; my_ws2812:u_hardware_driver|data32_latched[5]                                    ;
;                                                 ; due to stuck port data_in ;                                                                                  ;
; effect_generator:u_effect_core|led_data_in32[4] ; Stuck at GND              ; my_ws2812:u_hardware_driver|data32_latched[4]                                    ;
;                                                 ; due to stuck port data_in ;                                                                                  ;
; effect_generator:u_effect_core|led_data_in32[3] ; Stuck at GND              ; my_ws2812:u_hardware_driver|data32_latched[3]                                    ;
;                                                 ; due to stuck port data_in ;                                                                                  ;
; effect_generator:u_effect_core|driver_mode      ; Stuck at GND              ; my_ws2812:u_hardware_driver|mode_latched                                         ;
;                                                 ; due to stuck port data_in ;                                                                                  ;
+-------------------------------------------------+---------------------------+----------------------------------------------------------------------------------+


+------------------------------------------------------+
; General Register Statistics                          ;
+----------------------------------------------+-------+
; Statistic                                    ; Value ;
+----------------------------------------------+-------+
; Total registers                              ; 275   ;
; Number of registers using Synchronous Clear  ; 105   ;
; Number of registers using Synchronous Load   ; 8     ;
; Number of registers using Asynchronous Clear ; 273   ;
; Number of registers using Asynchronous Load  ; 0     ;
; Number of registers using Clock Enable       ; 165   ;
; Number of registers using Preset             ; 0     ;
+----------------------------------------------+-------+


+------------------------------------------------------------+
; Inverted Register Statistics                               ;
+--------------------------------------------------+---------+
; Inverted Register                                ; Fan out ;
+--------------------------------------------------+---------+
; uart_tx:u_physics_tx|tx_dout                     ; 3       ;
; uart_tx:u_physics_tx|tx_en_sync1                 ; 2       ;
; uart_tx:u_physics_tx|tx_en_sync2                 ; 1       ;
; my_ws2812:u_hardware_driver|state                ; 26      ;
; tx_rx_arbiter:u_system_arbiter|tx_en             ; 1       ;
; effect_generator:u_effect_core|led_brightness[1] ; 1       ;
; effect_generator:u_effect_core|led_brightness[3] ; 1       ;
; cmd_parser:u_top_fsm|ctrl_mode[0]                ; 18      ;
; cmd_parser:u_top_fsm|ctrl_color[1]               ; 2       ;
; cmd_parser:u_top_fsm|ctrl_brightness[7]          ; 1       ;
; uart_rx:u_physics_rx|rx_d1                       ; 12      ;
; uart_rx:u_physics_rx|rx_d2                       ; 1       ;
; uart_rx:u_physics_rx|rx_d0                       ; 1       ;
; Total number of inverted registers = 13          ;         ;
+--------------------------------------------------+---------+


+-----------------------------------------------------------------------------------------------------------------------------------------------------------------------------+
; Multiplexer Restructuring Statistics (Restructuring Performed)                                                                                                              ;
+--------------------+-----------+---------------+----------------------+------------------------+------------+---------------------------------------------------------------+
; Multiplexer Inputs ; Bus Width ; Baseline Area ; Area if Restructured ; Saving if Restructured ; Registered ; Example Multiplexer Output                                    ;
+--------------------+-----------+---------------+----------------------+------------------------+------------+---------------------------------------------------------------+
; 3:1                ; 13 bits   ; 26 LEs        ; 13 LEs               ; 13 LEs                 ; Yes        ; |top_project|uart_tx:u_physics_tx|baud_cnt[10]                ;
; 3:1                ; 4 bits    ; 8 LEs         ; 4 LEs                ; 4 LEs                  ; Yes        ; |top_project|uart_tx:u_physics_tx|bit_cnt[0]                  ;
; 3:1                ; 16 bits   ; 32 LEs        ; 16 LEs               ; 16 LEs                 ; Yes        ; |top_project|cmd_parser:u_top_fsm|wd_cnt[8]                   ;
; 5:1                ; 3 bits    ; 9 LEs         ; 3 LEs                ; 6 LEs                  ; Yes        ; |top_project|uart_rx:u_physics_rx|bit_cnt[1]                  ;
; 8:1                ; 16 bits   ; 80 LEs        ; 16 LEs               ; 64 LEs                 ; Yes        ; |top_project|uart_rx:u_physics_rx|baud_cnt[8]                 ;
; 256:1              ; 2 bits    ; 340 LEs       ; 2 LEs                ; 338 LEs                ; Yes        ; |top_project|effect_generator:u_effect_core|led_brightness[2] ;
; 256:1              ; 8 bits    ; 1360 LEs      ; 16 LEs               ; 1344 LEs               ; Yes        ; |top_project|effect_generator:u_effect_core|led_data_in10[5]  ;
; 3:1                ; 4 bits    ; 8 LEs         ; 8 LEs                ; 0 LEs                  ; No         ; |top_project|cmd_parser:u_top_fsm|state                       ;
; 4:1                ; 3 bits    ; 6 LEs         ; 6 LEs                ; 0 LEs                  ; No         ; |top_project|tx_rx_arbiter:u_system_arbiter|state             ;
; 6:1                ; 2 bits    ; 8 LEs         ; 4 LEs                ; 4 LEs                  ; No         ; |top_project|uart_rx:u_physics_rx|Selector19                  ;
; 8:1                ; 2 bits    ; 10 LEs        ; 4 LEs                ; 6 LEs                  ; No         ; |top_project|uart_rx:u_physics_rx|Selector18                  ;
+--------------------+-----------+---------------+----------------------+------------------------+------------+---------------------------------------------------------------+


+-------------------------------------------------------------------+
; Parameter Settings for User Entity Instance: uart_rx:u_physics_rx ;
+----------------+----------+---------------------------------------+
; Parameter Name ; Value    ; Type                                  ;
+----------------+----------+---------------------------------------+
; CLK_FREQ       ; 50000000 ; Signed Integer                        ;
; BAUD_RATE      ; 115200   ; Signed Integer                        ;
+----------------+----------+---------------------------------------+
Note: In order to hide this table in the UI and the text report file, please set the "Show Parameter Settings in Synthesis Report" option in "Analysis and Synthesis Settings -> More Settings" to "Off".


+-------------------------------------------------------------------+
; Parameter Settings for User Entity Instance: uart_tx:u_physics_tx ;
+----------------+---------------+----------------------------------+
; Parameter Name ; Value         ; Type                             ;
+----------------+---------------+----------------------------------+
; BAUD_CNT       ; 0000110110001 ; Unsigned Binary                  ;
+----------------+---------------+----------------------------------+
Note: In order to hide this table in the UI and the text report file, please set the "Show Parameter Settings in Synthesis Report" option in "Analysis and Synthesis Settings -> More Settings" to "Off".


+------------------------------------------------------------+
; Port Connectivity Checks: "tx_rx_arbiter:u_system_arbiter" ;
+------------------+-------+----------+----------------------+
; Port             ; Type  ; Severity ; Details              ;
+------------------+-------+----------+----------------------+
; tx_data_in[7..6] ; Input ; Info     ; Stuck at VCC         ;
; tx_data_in[1..0] ; Input ; Info     ; Stuck at VCC         ;
; tx_data_in[5..2] ; Input ; Info     ; Stuck at GND         ;
+------------------+-------+----------+----------------------+


+-----------------------------------------------------+
; Post-Synthesis Netlist Statistics for Top Partition ;
+-----------------------+-----------------------------+
; Type                  ; Count                       ;
+-----------------------+-----------------------------+
; boundary_port         ; 6                           ;
; cycloneiii_ff         ; 275                         ;
;     CLR               ; 70                          ;
;     CLR SCLR          ; 38                          ;
;     ENA CLR           ; 90                          ;
;     ENA CLR SCLR      ; 67                          ;
;     ENA CLR SLD       ; 8                           ;
;     plain             ; 2                           ;
; cycloneiii_lcell_comb ; 377                         ;
;     arith             ; 127                         ;
;         2 data inputs ; 112                         ;
;         3 data inputs ; 15                          ;
;     normal            ; 250                         ;
;         1 data inputs ; 16                          ;
;         2 data inputs ; 27                          ;
;         3 data inputs ; 34                          ;
;         4 data inputs ; 173                         ;
;                       ;                             ;
; Max LUT depth         ; 9.00                        ;
; Average LUT depth     ; 3.28                        ;
+-----------------------+-----------------------------+


+-------------------------------+
; Elapsed Time Per Partition    ;
+----------------+--------------+
; Partition Name ; Elapsed Time ;
+----------------+--------------+
; Top            ; 00:00:00     ;
+----------------+--------------+


+-------------------------------+
; Analysis & Synthesis Messages ;
+-------------------------------+
Info: *******************************************************************
Info: Running Quartus Prime Analysis & Synthesis
    Info: Version 24.1std.0 Build 1077 03/04/2025 SC Lite Edition
    Info: Processing started: Sat Jun  6 23:14:48 2026
Info: Command: quartus_map --read_settings_files=on --write_settings_files=off experiements5 -c experiements5
Warning (18236): Number of processors has not been specified which may cause overloading on shared machines.  Set the global assignment NUM_PARALLEL_PROCESSORS in your QSF to an appropriate value for best performance.
Info (20030): Parallel compilation is enabled and will use 16 of the 24 processors detected
Info (12021): Found 1 design units, including 1 entities, in source file pro1.v
    Info (12023): Found entity 1: pro1 File: D:/FlutterProjects/hnu_led_system_all/experiements5/pro1.v Line: 1
Info (12021): Found 1 design units, including 1 entities, in source file my_ws2812.v
    Info (12023): Found entity 1: my_ws2812 File: D:/FlutterProjects/hnu_led_system_all/experiements5/my_ws2812.v Line: 1
Info (12021): Found 1 design units, including 1 entities, in source file uart_tx.v
    Info (12023): Found entity 1: uart_tx File: D:/FlutterProjects/hnu_led_system_all/experiements5/uart_tx.v Line: 1
Info (12021): Found 1 design units, including 1 entities, in source file uart_rx.v
    Info (12023): Found entity 1: uart_rx File: D:/FlutterProjects/hnu_led_system_all/experiements5/uart_rx.v Line: 1
Info (12021): Found 1 design units, including 1 entities, in source file cmd_parser.v
    Info (12023): Found entity 1: cmd_parser File: D:/FlutterProjects/hnu_led_system_all/experiements5/cmd_parser.v Line: 8
Info (12021): Found 1 design units, including 1 entities, in source file effect_generator.v
    Info (12023): Found entity 1: effect_generator File: D:/FlutterProjects/hnu_led_system_all/experiements5/effect_generator.v Line: 7
Info (12021): Found 1 design units, including 1 entities, in source file tx_rx_arbiter.v
    Info (12023): Found entity 1: tx_rx_arbiter File: D:/FlutterProjects/hnu_led_system_all/experiements5/tx_rx_arbiter.v Line: 6
Info (12021): Found 1 design units, including 1 entities, in source file top_project.v
    Info (12023): Found entity 1: top_project File: D:/FlutterProjects/hnu_led_system_all/experiements5/top_project.v Line: 6
Info (12127): Elaborating entity "top_project" for the top level hierarchy
Info (12128): Elaborating entity "uart_rx" for hierarchy "uart_rx:u_physics_rx" File: D:/FlutterProjects/hnu_led_system_all/experiements5/top_project.v Line: 62
Warning (10230): Verilog HDL assignment warning at uart_rx.v(63): truncated value with size 32 to match size of target (16) File: D:/FlutterProjects/hnu_led_system_all/experiements5/uart_rx.v Line: 63
Warning (10230): Verilog HDL assignment warning at uart_rx.v(71): truncated value with size 32 to match size of target (3) File: D:/FlutterProjects/hnu_led_system_all/experiements5/uart_rx.v Line: 71
Warning (10230): Verilog HDL assignment warning at uart_rx.v(73): truncated value with size 32 to match size of target (16) File: D:/FlutterProjects/hnu_led_system_all/experiements5/uart_rx.v Line: 73
Warning (10230): Verilog HDL assignment warning at uart_rx.v(89): truncated value with size 32 to match size of target (16) File: D:/FlutterProjects/hnu_led_system_all/experiements5/uart_rx.v Line: 89
Info (12128): Elaborating entity "uart_tx" for hierarchy "uart_tx:u_physics_tx" File: D:/FlutterProjects/hnu_led_system_all/experiements5/top_project.v Line: 74
Info (12128): Elaborating entity "tx_rx_arbiter" for hierarchy "tx_rx_arbiter:u_system_arbiter" File: D:/FlutterProjects/hnu_led_system_all/experiements5/top_project.v Line: 91
Info (12128): Elaborating entity "cmd_parser" for hierarchy "cmd_parser:u_top_fsm" File: D:/FlutterProjects/hnu_led_system_all/experiements5/top_project.v Line: 105
Info (12128): Elaborating entity "effect_generator" for hierarchy "effect_generator:u_effect_core" File: D:/FlutterProjects/hnu_led_system_all/experiements5/top_project.v Line: 121
Info (12128): Elaborating entity "my_ws2812" for hierarchy "my_ws2812:u_hardware_driver" File: D:/FlutterProjects/hnu_led_system_all/experiements5/top_project.v Line: 134
Info (13000): Registers with preset signals will power-up high File: D:/FlutterProjects/hnu_led_system_all/experiements5/uart_tx.v Line: 6
Info (13003): DEV_CLRn pin will set, and not reset, register with preset signal due to NOT Gate Push-Back
Info (286030): Timing-Driven Synthesis is running
Info (17049): 4 registers lost all their fanouts during netlist optimizations.
Info (144001): Generated suppressed messages file D:/FlutterProjects/hnu_led_system_all/experiements5/output_files/experiements5.map.smsg
Info (16010): Generating hard_block partition "hard_block:auto_generated_inst"
    Info (16011): Adding 0 node(s), including 0 DDIO, 0 PLL, 0 transceiver and 0 LCELL
Info (21057): Implemented 467 device resources after synthesis - the final resource count might be different
    Info (21058): Implemented 4 input pins
    Info (21059): Implemented 2 output pins
    Info (21061): Implemented 461 logic cells
Info: Quartus Prime Analysis & Synthesis was successful. 0 errors, 5 warnings
    Info: Peak virtual memory: 4857 megabytes
    Info: Processing ended: Sat Jun  6 23:14:54 2026
    Info: Elapsed time: 00:00:06
    Info: Total CPU time (on all processors): 00:00:14


+------------------------------------------+
; Analysis & Synthesis Suppressed Messages ;
+------------------------------------------+
The suppressed messages can be found in D:/FlutterProjects/hnu_led_system_all/experiements5/output_files/experiements5.map.smsg.


