Flow report for experiements5
Sat Jun  6 23:15:05 2026
Quartus Prime Version 24.1std.0 Build 1077 03/04/2025 SC Lite Edition


---------------------
; Table of Contents ;
---------------------
  1. Legal Notice
  2. Flow Summary
  3. Flow Settings
  4. Flow Non-Default Global Settings
  5. Flow Elapsed Time
  6. Flow OS Summary
  7. Flow Log
  8. Flow Messages
  9. Flow Suppressed Messages



----------------
; Legal Notice ;
----------------
Copyright (C) 2025  Altera Corporation. All rights reserved.
Your use of Altera Corporation's design tools, logic functions 
and other software and tools, and any partner logic 
functions, and any output files from any of the foregoing 
(including device programming or simulation files), and any 
associated documentation or information are expressly subject 
to the terms and conditions of the Altera Program License 
Subscription Agreement, the Altera Quartus Prime License Agreement,
the Altera IP License Agreement, or other applicable license
agreement, including, without limitation, that your use is for
the sole purpose of programming logic devices manufactured by
Altera and sold by Altera or its authorized distributors.  Please
refer to the Altera Software License Subscription Agreements 
on the Quartus Prime software download page.



+--------------------------------------------------------------------------------------+
; Flow Summary                                                                         ;
+------------------------------------+-------------------------------------------------+
; Flow Status                        ; Successful - Sat Jun  6 23:15:02 2026           ;
; Quartus Prime Version              ; 24.1std.0 Build 1077 03/04/2025 SC Lite Edition ;
; Revision Name                      ; experiements5                                   ;
; Top-level Entity Name              ; top_project                                     ;
; Family                             ; Cyclone IV E                                    ;
; Device                             ; EP4CE15F17C8                                    ;
; Timing Models                      ; Final                                           ;
; Total logic elements               ; 437 / 15,408 ( 3 % )                            ;
;     Total combinational functions  ; 376 / 15,408 ( 2 % )                            ;
;     Dedicated logic registers      ; 275 / 15,408 ( 2 % )                            ;
; Total registers                    ; 275                                             ;
; Total pins                         ; 6 / 166 ( 4 % )                                 ;
; Total virtual pins                 ; 0                                               ;
; Total memory bits                  ; 0 / 516,096 ( 0 % )                             ;
; Embedded Multiplier 9-bit elements ; 0 / 112 ( 0 % )                                 ;
; Total PLLs                         ; 0 / 4 ( 0 % )                                   ;
+------------------------------------+-------------------------------------------------+


+-----------------------------------------+
; Flow Settings                           ;
+-------------------+---------------------+
; Option            ; Setting             ;
+-------------------+---------------------+
; Start date & time ; 06/06/2026 23:14:49 ;
; Main task         ; Compilation         ;
; Revision Name     ; experiements5       ;
+-------------------+---------------------+


+-------------------------------------------------------------------------------------------------------------------------+
; Flow Non-Default Global Settings                                                                                        ;
+-------------------------------------+----------------------------------------+---------------+-------------+------------+
; Assignment Name                     ; Value                                  ; Default Value ; Entity Name ; Section Id ;
+-------------------------------------+----------------------------------------+---------------+-------------+------------+
; COMPILER_SIGNATURE_ID               ; 10995770589195.178075888932008         ; --            ; --          ; --         ;
; MAX_CORE_JUNCTION_TEMP              ; 85                                     ; --            ; --          ; --         ;
; MIN_CORE_JUNCTION_TEMP              ; 0                                      ; --            ; --          ; --         ;
; NOMINAL_CORE_SUPPLY_VOLTAGE         ; 1.2V                                   ; --            ; --          ; --         ;
; PARTITION_COLOR                     ; -- (Not supported for targeted family) ; --            ; top_project ; Top        ;
; PARTITION_FITTER_PRESERVATION_LEVEL ; -- (Not supported for targeted family) ; --            ; top_project ; Top        ;
; PARTITION_NETLIST_TYPE              ; -- (Not supported for targeted family) ; --            ; top_project ; Top        ;
; PROJECT_OUTPUT_DIRECTORY            ; output_files                           ; --            ; --          ; --         ;
; TOP_LEVEL_ENTITY                    ; top_project                            ; experiements5 ; --          ; --         ;
+-------------------------------------+----------------------------------------+---------------+-------------+------------+


+--------------------------------------------------------------------------------------------------------------------------+
; Flow Elapsed Time                                                                                                        ;
+----------------------+--------------+-------------------------+---------------------+------------------------------------+
; Module Name          ; Elapsed Time ; Average Processors Used ; Peak Virtual Memory ; Total CPU Time (on all processors) ;
+----------------------+--------------+-------------------------+---------------------+------------------------------------+
; Analysis & Synthesis ; 00:00:06     ; 1.0                     ; 4857 MB             ; 00:00:13                           ;
; Fitter               ; 00:00:05     ; 1.2                     ; 6547 MB             ; 00:00:08                           ;
; Assembler            ; 00:00:01     ; 1.0                     ; 4751 MB             ; 00:00:01                           ;
; Timing Analyzer      ; 00:00:02     ; 1.1                     ; 4930 MB             ; 00:00:02                           ;
; Total                ; 00:00:14     ; --                      ; --                  ; 00:00:24                           ;
+----------------------+--------------+-------------------------+---------------------+------------------------------------+


+------------------------------------------------------------------------------------+
; Flow OS Summary                                                                    ;
+----------------------+------------------+------------+------------+----------------+
; Module Name          ; Machine Hostname ; OS Name    ; OS Version ; Processor type ;
+----------------------+------------------+------------+------------+----------------+
; Analysis & Synthesis ; şúĐˇÓę           ; Windows 10 ; 10.0       ; x86_64         ;
; Fitter               ; şúĐˇÓę           ; Windows 10 ; 10.0       ; x86_64         ;
; Assembler            ; şúĐˇÓę           ; Windows 10 ; 10.0       ; x86_64         ;
; Timing Analyzer      ; şúĐˇÓę           ; Windows 10 ; 10.0       ; x86_64         ;
+----------------------+------------------+------------+------------+----------------+


------------
; Flow Log ;
------------
quartus_map --read_settings_files=on --write_settings_files=off experiements5 -c experiements5
quartus_fit --read_settings_files=off --write_settings_files=off experiements5 -c experiements5
quartus_asm --read_settings_files=off --write_settings_files=off experiements5 -c experiements5
quartus_sta experiements5 -c experiements5



